<?xml version="1.0" encoding="UTF-8"?>
<!-- Generated by org.testng.reporters.JUnitReportReporter -->
<testsuite hostname="Lenovo-PC" name="sampletest.Sampletest" tests="1" failures="0" timestamp="18 Nov 2017 09:55:28 GMT" time="22.594" errors="0">
  <testcase name="logintest" time="22.594" classname="sampletest.Sampletest"/>
</testsuite> <!-- sampletest.Sampletest -->
