<?xml version="1.0" encoding="UTF-8"?>
<!-- Generated by org.testng.reporters.JUnitReportReporter -->
<testsuite name="sampleTest.SampleTest" tests="1" time="23.103" ignored="0" failures="0" timestamp="19 Nov 2017 08:04:00 GMT" skipped="0" hostname="Lenovo-PC" errors="0">
  <testcase name="logintest" time="23.103" classname="sampleTest.SampleTest"/>
</testsuite> <!-- sampleTest.SampleTest -->
